I, [2018-06-25T13:21:16.886982 #3671]  INFO -- : Refreshing Gem list
I, [2018-06-25T13:21:25.418956 #3671]  INFO -- : listening on addr=/mnt/nas/luricidex.com/shared/sockets/unicorn.sock fd=12
I, [2018-06-25T13:21:25.419382 #3671]  INFO -- : worker=0 spawning...
I, [2018-06-25T13:21:25.421242 #3671]  INFO -- : worker=1 spawning...
I, [2018-06-25T13:21:25.423609 #3671]  INFO -- : master process ready
I, [2018-06-25T13:21:25.423857 #3676]  INFO -- : worker=0 spawned pid=3676
I, [2018-06-25T13:21:25.425257 #3676]  INFO -- : worker=0 ready
I, [2018-06-25T13:21:25.430374 #3679]  INFO -- : worker=1 spawned pid=3679
I, [2018-06-25T13:21:25.438040 #3679]  INFO -- : worker=1 ready
I, [2018-06-25T13:45:08.130079 #3671]  INFO -- : reaped #<Process::Status: pid 3676 exit 0> worker=0
I, [2018-06-25T13:45:08.130775 #3671]  INFO -- : reaped #<Process::Status: pid 3679 exit 0> worker=1
I, [2018-06-25T13:45:08.131262 #3671]  INFO -- : master complete
I, [2018-06-25T13:46:48.130495 #4427]  INFO -- : Refreshing Gem list
ArgumentError: Missing :controller key on routes definition, please check your routes.
  /home/Web/.rbenv/versions/2.5.1/lib/ruby/gems/2.5.0/gems/actionpack-5.2.0/lib/action_dispatch/routing/mapper.rb:329:in `check_part'
  /home/Web/.rbenv/versions/2.5.1/lib/ruby/gems/2.5.0/gems/actionpack-5.2.0/lib/action_dispatch/routing/mapper.rb:309:in `check_controller_and_action'
  /home/Web/.rbenv/versions/2.5.1/lib/ruby/gems/2.5.0/gems/actionpack-5.2.0/lib/action_dispatch/routing/mapper.rb:254:in `normalize_options!'
  /home/Web/.rbenv/versions/2.5.1/lib/ruby/gems/2.5.0/gems/actionpack-5.2.0/lib/action_dispatch/routing/mapper.rb:118:in `initialize'
  /home/Web/.rbenv/versions/2.5.1/lib/ruby/gems/2.5.0/gems/actionpack-5.2.0/lib/action_dispatch/routing/mapper.rb:71:in `new'
  /home/Web/.rbenv/versions/2.5.1/lib/ruby/gems/2.5.0/gems/actionpack-5.2.0/lib/action_dispatch/routing/mapper.rb:71:in `build'
  /home/Web/.rbenv/versions/2.5.1/lib/ruby/gems/2.5.0/gems/actionpack-5.2.0/lib/action_dispatch/routing/mapper.rb:1931:in `add_route'
  /home/Web/.rbenv/versions/2.5.1/lib/ruby/gems/2.5.0/gems/actionpack-5.2.0/lib/action_dispatch/routing/mapper.rb:1903:in `decomposed_match'
  /home/Web/.rbenv/versions/2.5.1/lib/ruby/gems/2.5.0/gems/actionpack-5.2.0/lib/action_dispatch/routing/mapper.rb:1867:in `block in map_match'
  /home/Web/.rbenv/versions/2.5.1/lib/ruby/gems/2.5.0/gems/actionpack-5.2.0/lib/action_dispatch/routing/mapper.rb:1861:in `each'
  /home/Web/.rbenv/versions/2.5.1/lib/ruby/gems/2.5.0/gems/actionpack-5.2.0/lib/action_dispatch/routing/mapper.rb:1861:in `map_match'
  /home/Web/.rbenv/versions/2.5.1/lib/ruby/gems/2.5.0/gems/actionpack-5.2.0/lib/action_dispatch/routing/mapper.rb:1609:in `match'
  /home/Web/.rbenv/versions/2.5.1/lib/ruby/gems/2.5.0/gems/actionpack-5.2.0/lib/action_dispatch/routing/mapper.rb:1939:in `match_root_route'
  /home/Web/.rbenv/versions/2.5.1/lib/ruby/gems/2.5.0/gems/actionpack-5.2.0/lib/action_dispatch/routing/mapper.rb:1642:in `root'
  /mnt/nas/luricidex.com/config/routes.rb:2:in `block in <main>'
  /home/Web/.rbenv/versions/2.5.1/lib/ruby/gems/2.5.0/gems/actionpack-5.2.0/lib/action_dispatch/routing/route_set.rb:432:in `instance_exec'
  /home/Web/.rbenv/versions/2.5.1/lib/ruby/gems/2.5.0/gems/actionpack-5.2.0/lib/action_dispatch/routing/route_set.rb:432:in `eval_block'
  /home/Web/.rbenv/versions/2.5.1/lib/ruby/gems/2.5.0/gems/actionpack-5.2.0/lib/action_dispatch/routing/route_set.rb:414:in `draw'
  /mnt/nas/luricidex.com/config/routes.rb:1:in `<main>'
  /home/Web/.rbenv/versions/2.5.1/lib/ruby/gems/2.5.0/gems/bootsnap-1.3.0/lib/bootsnap/load_path_cache/core_ext/kernel_require.rb:50:in `load'
  /home/Web/.rbenv/versions/2.5.1/lib/ruby/gems/2.5.0/gems/bootsnap-1.3.0/lib/bootsnap/load_path_cache/core_ext/kernel_require.rb:50:in `load'
  /home/Web/.rbenv/versions/2.5.1/lib/ruby/gems/2.5.0/gems/activesupport-5.2.0/lib/active_support/dependencies.rb:277:in `block in load'
  /home/Web/.rbenv/versions/2.5.1/lib/ruby/gems/2.5.0/gems/activesupport-5.2.0/lib/active_support/dependencies.rb:249:in `load_dependency'
  /home/Web/.rbenv/versions/2.5.1/lib/ruby/gems/2.5.0/gems/activesupport-5.2.0/lib/active_support/dependencies.rb:277:in `load'
  /home/Web/.rbenv/versions/2.5.1/lib/ruby/gems/2.5.0/gems/railties-5.2.0/lib/rails/application/routes_reloader.rb:57:in `block in load_paths'
  /home/Web/.rbenv/versions/2.5.1/lib/ruby/gems/2.5.0/gems/railties-5.2.0/lib/rails/application/routes_reloader.rb:57:in `each'
  /home/Web/.rbenv/versions/2.5.1/lib/ruby/gems/2.5.0/gems/railties-5.2.0/lib/rails/application/routes_reloader.rb:57:in `load_paths'
  /home/Web/.rbenv/versions/2.5.1/lib/ruby/gems/2.5.0/gems/railties-5.2.0/lib/rails/application/routes_reloader.rb:20:in `reload!'
  /home/Web/.rbenv/versions/2.5.1/lib/ruby/gems/2.5.0/gems/railties-5.2.0/lib/rails/application/routes_reloader.rb:43:in `block in updater'
  /home/Web/.rbenv/versions/2.5.1/lib/ruby/gems/2.5.0/gems/activesupport-5.2.0/lib/active_support/file_update_checker.rb:83:in `execute'
  /home/Web/.rbenv/versions/2.5.1/lib/ruby/gems/2.5.0/gems/railties-5.2.0/lib/rails/application/routes_reloader.rb:44:in `updater'
  /home/Web/.rbenv/versions/2.5.1/lib/ruby/gems/2.5.0/gems/railties-5.2.0/lib/rails/application/routes_reloader.rb:33:in `execute_if_updated'
  /home/Web/.rbenv/versions/2.5.1/lib/ruby/gems/2.5.0/gems/railties-5.2.0/lib/rails/application/finisher.rb:130:in `block in <module:Finisher>'
  /home/Web/.rbenv/versions/2.5.1/lib/ruby/gems/2.5.0/gems/railties-5.2.0/lib/rails/initializable.rb:32:in `instance_exec'
  /home/Web/.rbenv/versions/2.5.1/lib/ruby/gems/2.5.0/gems/railties-5.2.0/lib/rails/initializable.rb:32:in `run'
  /home/Web/.rbenv/versions/2.5.1/lib/ruby/gems/2.5.0/gems/railties-5.2.0/lib/rails/initializable.rb:61:in `block in run_initializers'
  /home/Web/.rbenv/versions/2.5.1/lib/ruby/2.5.0/tsort.rb:228:in `block in tsort_each'
  /home/Web/.rbenv/versions/2.5.1/lib/ruby/2.5.0/tsort.rb:350:in `block (2 levels) in each_strongly_connected_component'
  /home/Web/.rbenv/versions/2.5.1/lib/ruby/2.5.0/tsort.rb:431:in `each_strongly_connected_component_from'
  /home/Web/.rbenv/versions/2.5.1/lib/ruby/2.5.0/tsort.rb:349:in `block in each_strongly_connected_component'
  /home/Web/.rbenv/versions/2.5.1/lib/ruby/2.5.0/tsort.rb:347:in `each'
  /home/Web/.rbenv/versions/2.5.1/lib/ruby/2.5.0/tsort.rb:347:in `call'
  /home/Web/.rbenv/versions/2.5.1/lib/ruby/2.5.0/tsort.rb:347:in `each_strongly_connected_component'
  /home/Web/.rbenv/versions/2.5.1/lib/ruby/2.5.0/tsort.rb:226:in `tsort_each'
  /home/Web/.rbenv/versions/2.5.1/lib/ruby/2.5.0/tsort.rb:205:in `tsort_each'
  /home/Web/.rbenv/versions/2.5.1/lib/ruby/gems/2.5.0/gems/railties-5.2.0/lib/rails/initializable.rb:60:in `run_initializers'
  /home/Web/.rbenv/versions/2.5.1/lib/ruby/gems/2.5.0/gems/railties-5.2.0/lib/rails/application.rb:361:in `initialize!'
  /mnt/nas/luricidex.com/config/environment.rb:5:in `<top (required)>'
  config.ru:4:in `require_relative'
  config.ru:4:in `block in <main>'
  /home/Web/.rbenv/versions/2.5.1/lib/ruby/gems/2.5.0/gems/rack-2.0.5/lib/rack/builder.rb:55:in `instance_eval'
  /home/Web/.rbenv/versions/2.5.1/lib/ruby/gems/2.5.0/gems/rack-2.0.5/lib/rack/builder.rb:55:in `initialize'
  config.ru:1:in `new'
  config.ru:1:in `<main>'
  /home/Web/.rbenv/versions/2.5.1/lib/ruby/gems/2.5.0/gems/unicorn-5.4.0/lib/unicorn.rb:56:in `eval'
  /home/Web/.rbenv/versions/2.5.1/lib/ruby/gems/2.5.0/gems/unicorn-5.4.0/lib/unicorn.rb:56:in `block in builder'
  /home/Web/.rbenv/versions/2.5.1/lib/ruby/gems/2.5.0/gems/unicorn-5.4.0/lib/unicorn/http_server.rb:795:in `build_app!'
  /home/Web/.rbenv/versions/2.5.1/lib/ruby/gems/2.5.0/gems/unicorn-5.4.0/lib/unicorn/http_server.rb:139:in `start'
  /home/Web/.rbenv/versions/2.5.1/lib/ruby/gems/2.5.0/gems/unicorn-5.4.0/bin/unicorn:126:in `<top (required)>'
  /home/Web/.rbenv/versions/2.5.1/bin/unicorn:23:in `load'
  /home/Web/.rbenv/versions/2.5.1/bin/unicorn:23:in `<top (required)>'
I, [2018-06-25T13:49:32.850884 #4569]  INFO -- : Refreshing Gem list
I, [2018-06-25T13:49:41.248374 #4569]  INFO -- : unlinking existing socket=/mnt/nas/luricidex.com/shared/sockets/unicorn.sock
I, [2018-06-25T13:49:41.252466 #4569]  INFO -- : listening on addr=/mnt/nas/luricidex.com/shared/sockets/unicorn.sock fd=12
I, [2018-06-25T13:49:41.252893 #4569]  INFO -- : worker=0 spawning...
I, [2018-06-25T13:49:41.254898 #4569]  INFO -- : worker=1 spawning...
I, [2018-06-25T13:49:41.256666 #4569]  INFO -- : master process ready
I, [2018-06-25T13:49:41.258923 #4574]  INFO -- : worker=0 spawned pid=4574
I, [2018-06-25T13:49:41.262566 #4574]  INFO -- : worker=0 ready
I, [2018-06-25T13:49:41.263617 #4577]  INFO -- : worker=1 spawned pid=4577
I, [2018-06-25T13:49:41.266770 #4577]  INFO -- : worker=1 ready
I, [2018-06-25T13:57:18.495501 #4569]  INFO -- : reaped #<Process::Status: pid 4574 exit 0> worker=0
I, [2018-06-25T13:57:18.496203 #4569]  INFO -- : reaped #<Process::Status: pid 4577 exit 0> worker=1
I, [2018-06-25T13:57:18.496689 #4569]  INFO -- : master complete
I, [2018-06-25T13:57:39.876183 #4817]  INFO -- : Refreshing Gem list
I, [2018-06-25T13:57:48.299877 #4817]  INFO -- : unlinking existing socket=/mnt/nas/luricidex.com/shared/sockets/unicorn.sock
I, [2018-06-25T13:57:48.303137 #4817]  INFO -- : listening on addr=/mnt/nas/luricidex.com/shared/sockets/unicorn.sock fd=12
I, [2018-06-25T13:57:48.303523 #4817]  INFO -- : worker=0 spawning...
I, [2018-06-25T13:57:48.305553 #4817]  INFO -- : worker=1 spawning...
I, [2018-06-25T13:57:48.307639 #4817]  INFO -- : master process ready
I, [2018-06-25T13:57:48.309117 #4821]  INFO -- : worker=0 spawned pid=4821
I, [2018-06-25T13:57:48.314508 #4821]  INFO -- : worker=0 ready
I, [2018-06-25T13:57:48.315362 #4824]  INFO -- : worker=1 spawned pid=4824
I, [2018-06-25T13:57:48.322937 #4824]  INFO -- : worker=1 ready
I, [2018-06-25T13:58:17.796447 #4817]  INFO -- : reaped #<Process::Status: pid 4821 exit 0> worker=0
I, [2018-06-25T13:58:17.797140 #4817]  INFO -- : reaped #<Process::Status: pid 4824 exit 0> worker=1
I, [2018-06-25T13:58:17.797680 #4817]  INFO -- : master complete
I, [2018-06-25T13:58:24.188653 #4973]  INFO -- : Refreshing Gem list
I, [2018-06-25T13:58:32.726536 #4973]  INFO -- : unlinking existing socket=/mnt/nas/luricidex.com/shared/sockets/unicorn.sock
I, [2018-06-25T13:58:32.730559 #4973]  INFO -- : listening on addr=/mnt/nas/luricidex.com/shared/sockets/unicorn.sock fd=12
I, [2018-06-25T13:58:32.730991 #4973]  INFO -- : worker=0 spawning...
I, [2018-06-25T13:58:32.732880 #4973]  INFO -- : worker=1 spawning...
I, [2018-06-25T13:58:32.734144 #4977]  INFO -- : worker=0 spawned pid=4977
I, [2018-06-25T13:58:32.735513 #4973]  INFO -- : master process ready
I, [2018-06-25T13:58:32.735731 #4977]  INFO -- : worker=0 ready
I, [2018-06-25T13:58:32.737936 #4980]  INFO -- : worker=1 spawned pid=4980
I, [2018-06-25T13:58:32.742573 #4980]  INFO -- : worker=1 ready
I, [2018-06-25T14:01:56.687891 #4973]  INFO -- : reaped #<Process::Status: pid 4977 exit 0> worker=0
I, [2018-06-25T14:01:56.688565 #4973]  INFO -- : reaped #<Process::Status: pid 4980 exit 0> worker=1
I, [2018-06-25T14:01:56.689169 #4973]  INFO -- : master complete
I, [2018-06-25T14:02:22.321455 #5183]  INFO -- : Refreshing Gem list
I, [2018-06-25T14:02:30.941359 #5183]  INFO -- : unlinking existing socket=/mnt/nas/luricidex.com/shared/sockets/unicorn.sock
I, [2018-06-25T14:02:30.945052 #5183]  INFO -- : listening on addr=/mnt/nas/luricidex.com/shared/sockets/unicorn.sock fd=12
I, [2018-06-25T14:02:30.945487 #5183]  INFO -- : worker=0 spawning...
I, [2018-06-25T14:02:30.947434 #5183]  INFO -- : worker=1 spawning...
I, [2018-06-25T14:02:30.949071 #5183]  INFO -- : master process ready
I, [2018-06-25T14:02:30.951248 #5187]  INFO -- : worker=0 spawned pid=5187
I, [2018-06-25T14:02:30.956443 #5187]  INFO -- : worker=0 ready
I, [2018-06-25T14:02:30.957060 #5190]  INFO -- : worker=1 spawned pid=5190
I, [2018-06-25T14:02:30.958979 #5190]  INFO -- : worker=1 ready
